<?xml version="1.0" encoding="UTF-8"?>
<!-- Generated by org.testng.reporters.JUnitXMLReporter -->
<testsuite ignored="0" hostname="shreyass-Air.bbrouter" failures="0" tests="2" name="Regression" time="28.623" errors="0" timestamp="2023-07-01T18:41:38 IST">
  <testcase classname="LumaAutomation_Tests.Luma_RegistrationTests" name="Navigate_To_Registration_Page" time="13.541"/>
  <testcase classname="LumaAutomation_Tests.Luma_RegistrationTests" name="enter_userDetails" time="0.002"/>
</testsuite> <!-- Regression -->
