<?xml version="1.0" encoding="UTF-8"?>
<testng-results ignored="0" total="2" passed="2" failed="0" skipped="0">
  <reporter-output>
  </reporter-output>
  <suite started-at="2023-07-01T18:41:10 IST" name="LumaAutomationTest" finished-at="2023-07-01T18:41:38 IST" duration-ms="28623">
    <groups>
    </groups>
    <test started-at="2023-07-01T18:41:10 IST" name="Regression" finished-at="2023-07-01T18:41:38 IST" duration-ms="28623">
      <class name="LumaAutomation_Tests.Luma_RegistrationTests">
        <test-method is-config="true" signature="setup()[pri:0, instance:LumaAutomation_Tests.Luma_RegistrationTests@36c88a32]" started-at="2023-07-01T18:41:10 IST" name="setup" finished-at="2023-07-01T18:41:25 IST" duration-ms="14833" status="PASS">
          <reporter-output>
          </reporter-output>
        </test-method> <!-- setup -->
        <test-method signature="Navigate_To_Registration_Page()[pri:1, instance:LumaAutomation_Tests.Luma_RegistrationTests@36c88a32]" started-at="2023-07-01T18:41:25 IST" name="Navigate_To_Registration_Page" finished-at="2023-07-01T18:41:38 IST" duration-ms="13541" status="PASS">
          <reporter-output>
          </reporter-output>
        </test-method> <!-- Navigate_To_Registration_Page -->
        <test-method signature="enter_userDetails()[pri:2, instance:LumaAutomation_Tests.Luma_RegistrationTests@36c88a32]" started-at="2023-07-01T18:41:38 IST" name="enter_userDetails" finished-at="2023-07-01T18:41:38 IST" duration-ms="2" status="PASS">
          <reporter-output>
          </reporter-output>
        </test-method> <!-- enter_userDetails -->
        <test-method is-config="true" signature="tearDown()[pri:0, instance:LumaAutomation_Tests.Luma_RegistrationTests@36c88a32]" started-at="2023-07-01T18:41:38 IST" name="tearDown" finished-at="2023-07-01T18:41:38 IST" duration-ms="194" status="PASS">
          <reporter-output>
          </reporter-output>
        </test-method> <!-- tearDown -->
      </class> <!-- LumaAutomation_Tests.Luma_RegistrationTests -->
    </test> <!-- Regression -->
  </suite> <!-- LumaAutomationTest -->
</testng-results>
